

Started GET "/" for 127.0.0.1 at 2014-01-07 14:11:58 -0500
Processing by HomeController#index as HTML
  MOPED: 127.0.0.1:27017 COMMAND      database=admin command={:ismaster=>1} (5.3170ms)
  MOPED: Could not connect to any node in replica set <Moped::Cluster nodes=[<Moped::Node resolved_address="127.0.0.1:27017">]>, refreshing list.
  MOPED: 127.0.0.1:27017 COMMAND      database=admin command={:ismaster=>1} (4.9779ms)
  MOPED: Could not connect to any node in replica set <Moped::Cluster nodes=[<Moped::Node resolved_address="127.0.0.1:27017">]>, refreshing list.
  MOPED: 127.0.0.1:27017 COMMAND      database=admin command={:ismaster=>1} (34.8589ms)
  MOPED: Could not connect to any node in replica set <Moped::Cluster nodes=[<Moped::Node resolved_address="127.0.0.1:27017">]>, refreshing list.
  MOPED: 127.0.0.1:27017 COMMAND      database=admin command={:ismaster=>1} (7.6420ms)
  MOPED: Could not connect to any node in replica set <Moped::Cluster nodes=[<Moped::Node resolved_address="127.0.0.1:27017">]>, refreshing list.
  MOPED: 127.0.0.1:27017 COMMAND      database=admin command={:ismaster=>1} (5.6300ms)
  MOPED: Could not connect to any node in replica set <Moped::Cluster nodes=[<Moped::Node resolved_address="127.0.0.1:27017">]>, refreshing list.
  MOPED: 127.0.0.1:27017 COMMAND      database=admin command={:ismaster=>1} (34.0190ms)
  MOPED: Could not connect to any node in replica set <Moped::Cluster nodes=[<Moped::Node resolved_address="127.0.0.1:27017">]>, refreshing list.
  MOPED: 127.0.0.1:27017 COMMAND      database=admin command={:ismaster=>1} (5.5850ms)
  MOPED: Could not connect to any node in replica set <Moped::Cluster nodes=[<Moped::Node resolved_address="127.0.0.1:27017">]>, refreshing list.
  MOPED: 127.0.0.1:27017 COMMAND      database=admin command={:ismaster=>1} (5.6891ms)
  MOPED: Could not connect to any node in replica set <Moped::Cluster nodes=[<Moped::Node resolved_address="127.0.0.1:27017">]>, refreshing list.
  MOPED: 127.0.0.1:27017 COMMAND      database=admin command={:ismaster=>1} (8.5618ms)
  MOPED: Could not connect to any node in replica set <Moped::Cluster nodes=[<Moped::Node resolved_address="127.0.0.1:27017">]>, refreshing list.
  MOPED: 127.0.0.1:27017 COMMAND      database=admin command={:ismaster=>1} (30.4861ms)
  MOPED: Could not connect to any node in replica set <Moped::Cluster nodes=[<Moped::Node resolved_address="127.0.0.1:27017">]>, refreshing list.
  MOPED: 127.0.0.1:27017 COMMAND      database=admin command={:ismaster=>1} (7.4050ms)
  MOPED: Could not connect to any node in replica set <Moped::Cluster nodes=[<Moped::Node resolved_address="127.0.0.1:27017">]>, refreshing list.
  MOPED: 127.0.0.1:27017 COMMAND      database=admin command={:ismaster=>1} (6.5720ms)
  MOPED: Could not connect to any node in replica set <Moped::Cluster nodes=[<Moped::Node resolved_address="127.0.0.1:27017">]>, refreshing list.
  MOPED: 127.0.0.1:27017 COMMAND      database=admin command={:ismaster=>1} (36.0181ms)
  MOPED: Could not connect to any node in replica set <Moped::Cluster nodes=[<Moped::Node resolved_address="127.0.0.1:27017">]>, refreshing list.
  MOPED: 127.0.0.1:27017 COMMAND      database=admin command={:ismaster=>1} (5.1601ms)
  MOPED: Could not connect to any node in replica set <Moped::Cluster nodes=[<Moped::Node resolved_address="127.0.0.1:27017">]>, refreshing list.
  MOPED: 127.0.0.1:27017 COMMAND      database=admin command={:ismaster=>1} (7.1909ms)
  MOPED: Could not connect to any node in replica set <Moped::Cluster nodes=[<Moped::Node resolved_address="127.0.0.1:27017">]>, refreshing list.
  MOPED: 127.0.0.1:27017 COMMAND      database=admin command={:ismaster=>1} (34.3170ms)
  MOPED: Could not connect to any node in replica set <Moped::Cluster nodes=[<Moped::Node resolved_address="127.0.0.1:27017">]>, refreshing list.
  MOPED: 127.0.0.1:27017 COMMAND      database=admin command={:ismaster=>1} (7.9870ms)
  MOPED: Could not connect to any node in replica set <Moped::Cluster nodes=[<Moped::Node resolved_address="127.0.0.1:27017">]>, refreshing list.
  MOPED: 127.0.0.1:27017 COMMAND      database=admin command={:ismaster=>1} (6.2790ms)
  MOPED: Could not connect to any node in replica set <Moped::Cluster nodes=[<Moped::Node resolved_address="127.0.0.1:27017">]>, refreshing list.
  MOPED: 127.0.0.1:27017 COMMAND      database=admin command={:ismaster=>1} (37.3368ms)
  MOPED: Could not connect to any node in replica set <Moped::Cluster nodes=[<Moped::Node resolved_address="127.0.0.1:27017">]>, refreshing list.
  MOPED: 127.0.0.1:27017 COMMAND      database=admin command={:ismaster=>1} (6.3331ms)
  MOPED: Could not connect to any node in replica set <Moped::Cluster nodes=[<Moped::Node resolved_address="127.0.0.1:27017">]>, refreshing list.
  MOPED: 127.0.0.1:27017 COMMAND      database=admin command={:ismaster=>1} (7.6771ms)
  Rendered home/index.html.erb within layouts/application (5336.4ms)
Completed 500 Internal Server Error in 5372ms

Moped::Errors::ConnectionFailure - Could not connect to any secondary or primary nodes for replica set <Moped::Cluster nodes=[<Moped::Node resolved_address="127.0.0.1:27017">]>:
  moped (1.5.1) lib/moped/cluster.rb:267:in `with_secondary'
  moped (1.5.1) lib/moped/cluster.rb:265:in `with_secondary'
  moped (1.5.1) lib/moped/cluster.rb:265:in `with_secondary'
  moped (1.5.1) lib/moped/cluster.rb:265:in `with_secondary'
  moped (1.5.1) lib/moped/cluster.rb:265:in `with_secondary'
  moped (1.5.1) lib/moped/cluster.rb:265:in `with_secondary'
  moped (1.5.1) lib/moped/cluster.rb:265:in `with_secondary'
  moped (1.5.1) lib/moped/cluster.rb:265:in `with_secondary'
  moped (1.5.1) lib/moped/cluster.rb:265:in `with_secondary'
  moped (1.5.1) lib/moped/cluster.rb:265:in `with_secondary'
  moped (1.5.1) lib/moped/cluster.rb:265:in `with_secondary'
  moped (1.5.1) lib/moped/cluster.rb:265:in `with_secondary'
  moped (1.5.1) lib/moped/cluster.rb:265:in `with_secondary'
  moped (1.5.1) lib/moped/cluster.rb:265:in `with_secondary'
  moped (1.5.1) lib/moped/cluster.rb:265:in `with_secondary'
  moped (1.5.1) lib/moped/cluster.rb:265:in `with_secondary'
  moped (1.5.1) lib/moped/cluster.rb:265:in `with_secondary'
  moped (1.5.1) lib/moped/cluster.rb:265:in `with_secondary'
  moped (1.5.1) lib/moped/cluster.rb:265:in `with_secondary'
  moped (1.5.1) lib/moped/cluster.rb:265:in `with_secondary'
  moped (1.5.1) lib/moped/cluster.rb:265:in `with_secondary'
  moped (1.5.1) lib/moped/session/context.rb:104:in `with_node'
  moped (1.5.1) lib/moped/cursor.rb:137:in `load_docs'
  moped (1.5.1) lib/moped/cursor.rb:25:in `each'
  moped (1.5.1) lib/moped/query.rb:76:in `each'
  mongoid (3.1.4) lib/mongoid/contextual/mongo.rb:122:in `block in each'
  mongoid (3.1.4) lib/mongoid/contextual/mongo.rb:619:in `selecting'
  mongoid (3.1.4) lib/mongoid/contextual/mongo.rb:121:in `each'
  mongoid (3.1.4) lib/mongoid/contextual.rb:19:in `each'
  app/views/home/index.html.erb:2:in `_app_views_home_index_html_erb__444266403953183844_70224823317380'
  actionpack (3.2.14) lib/action_view/template.rb:145:in `block in render'
  activesupport (3.2.14) lib/active_support/notifications.rb:125:in `instrument'
  actionpack (3.2.14) lib/action_view/template.rb:143:in `render'
  actionpack (3.2.14) lib/action_view/renderer/template_renderer.rb:48:in `block (2 levels) in render_template'
  actionpack (3.2.14) lib/action_view/renderer/abstract_renderer.rb:38:in `block in instrument'
  activesupport (3.2.14) lib/active_support/notifications.rb:123:in `block in instrument'
  activesupport (3.2.14) lib/active_support/notifications/instrumenter.rb:20:in `instrument'
  activesupport (3.2.14) lib/active_support/notifications.rb:123:in `instrument'
  actionpack (3.2.14) lib/action_view/renderer/abstract_renderer.rb:38:in `instrument'
  actionpack (3.2.14) lib/action_view/renderer/template_renderer.rb:47:in `block in render_template'
  actionpack (3.2.14) lib/action_view/renderer/template_renderer.rb:55:in `render_with_layout'
  actionpack (3.2.14) lib/action_view/renderer/template_renderer.rb:46:in `render_template'
  actionpack (3.2.14) lib/action_view/renderer/template_renderer.rb:19:in `render'
  actionpack (3.2.14) lib/action_view/renderer/renderer.rb:36:in `render_template'
  actionpack (3.2.14) lib/action_view/renderer/renderer.rb:17:in `render'
  actionpack (3.2.14) lib/abstract_controller/rendering.rb:110:in `_render_template'
  actionpack (3.2.14) lib/action_controller/metal/streaming.rb:225:in `_render_template'
  actionpack (3.2.14) lib/abstract_controller/rendering.rb:103:in `render_to_body'
  actionpack (3.2.14) lib/action_controller/metal/renderers.rb:28:in `render_to_body'
  actionpack (3.2.14) lib/action_controller/metal/compatibility.rb:50:in `render_to_body'
  actionpack (3.2.14) lib/abstract_controller/rendering.rb:88:in `render'
  actionpack (3.2.14) lib/action_controller/metal/rendering.rb:16:in `render'
  actionpack (3.2.14) lib/action_controller/metal/instrumentation.rb:40:in `block (2 levels) in render'
  activesupport (3.2.14) lib/active_support/core_ext/benchmark.rb:5:in `block in ms'
  /Users/philgarber/.rvm/rubies/ruby-2.0.0-p247/lib/ruby/2.0.0/benchmark.rb:296:in `realtime'
  activesupport (3.2.14) lib/active_support/core_ext/benchmark.rb:5:in `ms'
  actionpack (3.2.14) lib/action_controller/metal/instrumentation.rb:40:in `block in render'
  actionpack (3.2.14) lib/action_controller/metal/instrumentation.rb:83:in `cleanup_view_runtime'
  actionpack (3.2.14) lib/action_controller/metal/instrumentation.rb:39:in `render'
  actionpack (3.2.14) lib/action_controller/metal/implicit_render.rb:10:in `default_render'
  actionpack (3.2.14) lib/action_controller/metal/implicit_render.rb:5:in `send_action'
  actionpack (3.2.14) lib/abstract_controller/base.rb:167:in `process_action'
  actionpack (3.2.14) lib/action_controller/metal/rendering.rb:10:in `process_action'
  actionpack (3.2.14) lib/abstract_controller/callbacks.rb:18:in `block in process_action'
  activesupport (3.2.14) lib/active_support/callbacks.rb:414:in `_run__1787508180829517344__process_action__2518775381999699809__callbacks'
  activesupport (3.2.14) lib/active_support/callbacks.rb:405:in `__run_callback'
  activesupport (3.2.14) lib/active_support/callbacks.rb:385:in `_run_process_action_callbacks'
  activesupport (3.2.14) lib/active_support/callbacks.rb:81:in `run_callbacks'
  actionpack (3.2.14) lib/abstract_controller/callbacks.rb:17:in `process_action'
  actionpack (3.2.14) lib/action_controller/metal/rescue.rb:29:in `process_action'
  actionpack (3.2.14) lib/action_controller/metal/instrumentation.rb:30:in `block in process_action'
  activesupport (3.2.14) lib/active_support/notifications.rb:123:in `block in instrument'
  activesupport (3.2.14) lib/active_support/notifications/instrumenter.rb:20:in `instrument'
  activesupport (3.2.14) lib/active_support/notifications.rb:123:in `instrument'
  actionpack (3.2.14) lib/action_controller/metal/instrumentation.rb:29:in `process_action'
  actionpack (3.2.14) lib/action_controller/metal/params_wrapper.rb:207:in `process_action'
  actionpack (3.2.14) lib/abstract_controller/base.rb:121:in `process'
  actionpack (3.2.14) lib/abstract_controller/rendering.rb:45:in `process'
  actionpack (3.2.14) lib/action_controller/metal.rb:203:in `dispatch'
  actionpack (3.2.14) lib/action_controller/metal/rack_delegation.rb:14:in `dispatch'
  actionpack (3.2.14) lib/action_controller/metal.rb:246:in `block in action'
  actionpack (3.2.14) lib/action_dispatch/routing/route_set.rb:73:in `dispatch'
  actionpack (3.2.14) lib/action_dispatch/routing/route_set.rb:36:in `call'
  journey (1.0.4) lib/journey/router.rb:68:in `block in call'
  journey (1.0.4) lib/journey/router.rb:56:in `call'
  actionpack (3.2.14) lib/action_dispatch/routing/route_set.rb:608:in `call'
  mongoid (3.1.4) lib/rack/mongoid/middleware/identity_map.rb:34:in `block in call'
  mongoid (3.1.4) lib/mongoid/unit_of_work.rb:39:in `unit_of_work'
  mongoid (3.1.4) lib/rack/mongoid/middleware/identity_map.rb:34:in `call'
  warden (1.2.3) lib/warden/manager.rb:35:in `block in call'
  warden (1.2.3) lib/warden/manager.rb:34:in `call'
  actionpack (3.2.14) lib/action_dispatch/middleware/best_standards_support.rb:17:in `call'
  rack (1.4.5) lib/rack/etag.rb:23:in `call'
  rack (1.4.5) lib/rack/conditionalget.rb:25:in `call'
  actionpack (3.2.14) lib/action_dispatch/middleware/head.rb:14:in `call'
  actionpack (3.2.14) lib/action_dispatch/middleware/params_parser.rb:21:in `call'
  actionpack (3.2.14) lib/action_dispatch/middleware/flash.rb:242:in `call'
  rack (1.4.5) lib/rack/session/abstract/id.rb:210:in `context'
  rack (1.4.5) lib/rack/session/abstract/id.rb:205:in `call'
  actionpack (3.2.14) lib/action_dispatch/middleware/cookies.rb:341:in `call'
  actionpack (3.2.14) lib/action_dispatch/middleware/callbacks.rb:28:in `block in call'
  activesupport (3.2.14) lib/active_support/callbacks.rb:405:in `_run__2908096376050396125__call__4485235645825883463__callbacks'
  activesupport (3.2.14) lib/active_support/callbacks.rb:405:in `__run_callback'
  activesupport (3.2.14) lib/active_support/callbacks.rb:385:in `_run_call_callbacks'
  activesupport (3.2.14) lib/active_support/callbacks.rb:81:in `run_callbacks'
  actionpack (3.2.14) lib/action_dispatch/middleware/callbacks.rb:27:in `call'
  actionpack (3.2.14) lib/action_dispatch/middleware/reloader.rb:65:in `call'
  actionpack (3.2.14) lib/action_dispatch/middleware/remote_ip.rb:31:in `call'
  better_errors (0.9.0) lib/better_errors/middleware.rb:84:in `protected_app_call'
  better_errors (0.9.0) lib/better_errors/middleware.rb:79:in `better_errors_call'
  better_errors (0.9.0) lib/better_errors/middleware.rb:56:in `call'
  actionpack (3.2.14) lib/action_dispatch/middleware/debug_exceptions.rb:16:in `call'
  actionpack (3.2.14) lib/action_dispatch/middleware/show_exceptions.rb:56:in `call'
  railties (3.2.14) lib/rails/rack/logger.rb:32:in `call_app'
  railties (3.2.14) lib/rails/rack/logger.rb:16:in `block in call'
  activesupport (3.2.14) lib/active_support/tagged_logging.rb:22:in `tagged'
  railties (3.2.14) lib/rails/rack/logger.rb:16:in `call'
  quiet_assets (1.0.2) lib/quiet_assets.rb:18:in `call_with_quiet_assets'
  actionpack (3.2.14) lib/action_dispatch/middleware/request_id.rb:22:in `call'
  rack (1.4.5) lib/rack/methodoverride.rb:21:in `call'
  rack (1.4.5) lib/rack/runtime.rb:17:in `call'
  activesupport (3.2.14) lib/active_support/cache/strategy/local_cache.rb:72:in `call'
  rack (1.4.5) lib/rack/lock.rb:15:in `call'
  actionpack (3.2.14) lib/action_dispatch/middleware/static.rb:63:in `call'
  railties (3.2.14) lib/rails/engine.rb:484:in `call'
  railties (3.2.14) lib/rails/application.rb:231:in `call'
  rack (1.4.5) lib/rack/content_length.rb:14:in `call'
  railties (3.2.14) lib/rails/rack/log_tailer.rb:17:in `call'
  rack (1.4.5) lib/rack/handler/webrick.rb:59:in `service'
  /Users/philgarber/.rvm/rubies/ruby-2.0.0-p247/lib/ruby/2.0.0/webrick/httpserver.rb:138:in `service'
  /Users/philgarber/.rvm/rubies/ruby-2.0.0-p247/lib/ruby/2.0.0/webrick/httpserver.rb:94:in `run'
  /Users/philgarber/.rvm/rubies/ruby-2.0.0-p247/lib/ruby/2.0.0/webrick/server.rb:295:in `block in start_thread'



Started POST "/__better_errors/70224824584860/variables" for 127.0.0.1 at 2014-01-07 14:12:03 -0500
  MOPED: 127.0.0.1:27017 COMMAND      database=admin command={:ismaster=>1} (26.8390ms)
  MOPED: 127.0.0.1:27017 INSERT       database=rails3_mongoid_devise_development collection=system.indexes documents=[{:unique=>true, :background=>true, :ns=>"rails3_mongoid_devise_development.users", :key=>{:email=>1}, :name=>"email_1"}] flags=[] (0.1130ms)
  MOPED: 127.0.0.1:27017 COMMAND      database=admin command={:ismaster=>1} (26.4530ms)
  MOPED: 127.0.0.1:27017 QUERY        database=rails3_mongoid_devise_development collection=users selector={"email"=>"user@example.com"} flags=[] limit=1 skip=0 batch_size=nil fields={:_id=>1} (3.7179ms)


Started GET "/" for 127.0.0.1 at 2014-01-07 15:45:30 -0500
Processing by HomeController#index as HTML
  MOPED: 127.0.0.1:27017 COMMAND      database=admin command={:ismaster=>1} (2.6131ms)
  MOPED: 127.0.0.1:27017 QUERY        database=rails3_mongoid_devise_development collection=users selector={} flags=[:slave_ok] limit=0 skip=0 batch_size=nil fields=nil (0.5531ms)
  Rendered home/index.html.erb within layouts/application (13.6ms)
Compiled home.css  (2ms)  (pid 60366)
Compiled application.css  (127ms)  (pid 60366)
Compiled jquery.js  (4ms)  (pid 60366)
Compiled jquery_ujs.js  (0ms)  (pid 60366)
Compiled home.js  (268ms)  (pid 60366)
Compiled application.js  (458ms)  (pid 60366)
  Rendered layouts/_navigation.html.erb (2.9ms)
  Rendered layouts/_messages.html.erb (0.8ms)
Completed 200 OK in 835ms (Views: 833.5ms)


Started GET "/users/52cb1bda946cf1f3ce000002" for 127.0.0.1 at 2014-01-07 15:46:28 -0500
Processing by UsersController#show as HTML
  Parameters: {"id"=>"52cb1bda946cf1f3ce000002"}
Completed 401 Unauthorized in 10ms


Started GET "/users/sign_in" for 127.0.0.1 at 2014-01-07 15:46:28 -0500
Processing by Devise::SessionsController#new as HTML
  Rendered devise/shared/_links.html.erb (1.4ms)
  Rendered /Users/philgarber/.rvm/gems/ruby-2.0.0-p247@rails3-mongoid-devise/gems/devise-3.0.3/app/views/devise/sessions/new.html.erb within layouts/application (5.9ms)
  Rendered layouts/_navigation.html.erb (0.8ms)
  Rendered layouts/_messages.html.erb (0.1ms)
Completed 200 OK in 17ms (Views: 14.9ms)


Started GET "/users/sign_in" for 127.0.0.1 at 2014-01-07 16:01:04 -0500
Processing by Devise::SessionsController#new as HTML
  Rendered devise/shared/_links.html.erb (1.6ms)
  Rendered /Users/philgarber/.rvm/gems/ruby-2.0.0-p247@rails3-mongoid-devise/gems/devise-3.0.3/app/views/devise/sessions/new.html.erb within layouts/application (20.9ms)
  Rendered layouts/_navigation.html.erb (1.5ms)
  Rendered layouts/_messages.html.erb (0.4ms)
Completed 200 OK in 83ms (Views: 80.8ms)


Started GET "/users/sign_up" for 127.0.0.1 at 2014-01-07 16:01:08 -0500
Processing by Devise::RegistrationsController#new as HTML
  Rendered devise/shared/_links.html.erb (1.0ms)
  Rendered devise/registrations/new.html.erb within layouts/application (5.7ms)
  Rendered layouts/_navigation.html.erb (0.7ms)
  Rendered layouts/_messages.html.erb (0.1ms)
Completed 200 OK in 14ms (Views: 13.4ms)


Started GET "/users/sign_up" for 127.0.0.1 at 2014-01-07 16:41:27 -0500
Processing by Devise::RegistrationsController#new as HTML
  Rendered devise/shared/_links.html.erb (0.4ms)
  Rendered devise/registrations/new.html.erb within layouts/application (4.6ms)
Completed 500 Internal Server Error in 68ms

Sass::SyntaxError - File to import not found or unreadable: bootstrap.
Load path: Sass::Rails::Importer(/Users/philgarber/code/kehoe/rails3-mongoid-devise2/app/assets/stylesheets/framework_and_overrides.css.scss)
  (in /Users/philgarber/code/kehoe/rails3-mongoid-devise2/app/assets/stylesheets/framework_and_overrides.css.scss):
  sass (3.2.10) lib/sass/tree/import_node.rb:67:in `rescue in import'
  sass (3.2.10) lib/sass/tree/import_node.rb:45:in `import'
  sass (3.2.10) lib/sass/tree/import_node.rb:28:in `imported_file'
  sass (3.2.10) lib/sass/tree/import_node.rb:37:in `css_import?'
  sass (3.2.10) lib/sass/tree/visitors/perform.rb:217:in `visit_import'
  sass (3.2.10) lib/sass/tree/visitors/base.rb:37:in `visit'
  sass (3.2.10) lib/sass/tree/visitors/perform.rb:100:in `visit'
  sass (3.2.10) lib/sass/tree/visitors/base.rb:53:in `block in visit_children'
  sass (3.2.10) lib/sass/tree/visitors/base.rb:53:in `visit_children'
  sass (3.2.10) lib/sass/tree/visitors/perform.rb:109:in `block in visit_children'
  sass (3.2.10) lib/sass/tree/visitors/perform.rb:121:in `with_environment'
  sass (3.2.10) lib/sass/tree/visitors/perform.rb:108:in `visit_children'
  sass (3.2.10) lib/sass/tree/visitors/base.rb:37:in `block in visit'
  sass (3.2.10) lib/sass/tree/visitors/perform.rb:128:in `visit_root'
  sass (3.2.10) lib/sass/tree/visitors/base.rb:37:in `visit'
  sass (3.2.10) lib/sass/tree/visitors/perform.rb:100:in `visit'
  sass (3.2.10) lib/sass/tree/visitors/perform.rb:7:in `visit'
  sass (3.2.10) lib/sass/tree/root_node.rb:20:in `render'
  sass (3.2.10) lib/sass/engine.rb:315:in `_render'
  sass (3.2.10) lib/sass/engine.rb:262:in `render'
  sass-rails (3.2.6) lib/sass/rails/template_handlers.rb:106:in `evaluate'
  tilt (1.4.1) lib/tilt/template.rb:103:in `render'
  sprockets (2.2.2) lib/sprockets/context.rb:193:in `block in evaluate'
  sprockets (2.2.2) lib/sprockets/context.rb:190:in `evaluate'
  sprockets (2.2.2) lib/sprockets/processed_asset.rb:12:in `initialize'
  sprockets (2.2.2) lib/sprockets/base.rb:249:in `block in build_asset'
  sprockets (2.2.2) lib/sprockets/base.rb:270:in `circular_call_protection'
  sprockets (2.2.2) lib/sprockets/base.rb:248:in `build_asset'
  sprockets (2.2.2) lib/sprockets/index.rb:93:in `block in build_asset'
  sprockets (2.2.2) lib/sprockets/caching.rb:19:in `cache_asset'
  sprockets (2.2.2) lib/sprockets/index.rb:92:in `build_asset'
  sprockets (2.2.2) lib/sprockets/base.rb:169:in `find_asset'
  sprockets (2.2.2) lib/sprockets/index.rb:60:in `find_asset'
  sprockets (2.2.2) lib/sprockets/processed_asset.rb:111:in `block in resolve_dependencies'
  sprockets (2.2.2) lib/sprockets/processed_asset.rb:105:in `resolve_dependencies'
  sprockets (2.2.2) lib/sprockets/processed_asset.rb:97:in `build_required_assets'
  sprockets (2.2.2) lib/sprockets/processed_asset.rb:16:in `initialize'
  sprockets (2.2.2) lib/sprockets/base.rb:249:in `block in build_asset'
  sprockets (2.2.2) lib/sprockets/base.rb:270:in `circular_call_protection'
  sprockets (2.2.2) lib/sprockets/base.rb:248:in `build_asset'
  sprockets (2.2.2) lib/sprockets/index.rb:93:in `block in build_asset'
  sprockets (2.2.2) lib/sprockets/caching.rb:19:in `cache_asset'
  sprockets (2.2.2) lib/sprockets/index.rb:92:in `build_asset'
  sprockets (2.2.2) lib/sprockets/base.rb:169:in `find_asset'
  sprockets (2.2.2) lib/sprockets/index.rb:60:in `find_asset'
  sprockets (2.2.2) lib/sprockets/bundled_asset.rb:38:in `init_with'
  sprockets (2.2.2) lib/sprockets/asset.rb:24:in `from_hash'
  sprockets (2.2.2) lib/sprockets/caching.rb:15:in `cache_asset'
  sprockets (2.2.2) lib/sprockets/index.rb:92:in `build_asset'
  sprockets (2.2.2) lib/sprockets/base.rb:169:in `find_asset'
  sprockets (2.2.2) lib/sprockets/index.rb:60:in `find_asset'
  sprockets (2.2.2) lib/sprockets/environment.rb:78:in `find_asset'
  sprockets (2.2.2) lib/sprockets/base.rb:177:in `[]'
  actionpack (3.2.14) lib/sprockets/helpers/rails_helper.rb:126:in `asset_for'
  actionpack (3.2.14) lib/sprockets/helpers/rails_helper.rb:44:in `block in stylesheet_link_tag'
  actionpack (3.2.14) lib/sprockets/helpers/rails_helper.rb:43:in `stylesheet_link_tag'
  app/views/layouts/application.html.erb:7:in `_app_views_layouts_application_html_erb___3794526307162187154_70328338222360'
  actionpack (3.2.14) lib/action_view/template.rb:145:in `block in render'
  activesupport (3.2.14) lib/active_support/notifications.rb:125:in `instrument'
  actionpack (3.2.14) lib/action_view/template.rb:143:in `render'
  actionpack (3.2.14) lib/action_view/renderer/template_renderer.rb:60:in `render_with_layout'
  actionpack (3.2.14) lib/action_view/renderer/template_renderer.rb:46:in `render_template'
  actionpack (3.2.14) lib/action_view/renderer/template_renderer.rb:19:in `render'
  actionpack (3.2.14) lib/action_view/renderer/renderer.rb:36:in `render_template'
  actionpack (3.2.14) lib/action_view/renderer/renderer.rb:17:in `render'
  actionpack (3.2.14) lib/abstract_controller/rendering.rb:110:in `_render_template'
  actionpack (3.2.14) lib/action_controller/metal/streaming.rb:225:in `_render_template'
  actionpack (3.2.14) lib/abstract_controller/rendering.rb:103:in `render_to_body'
  actionpack (3.2.14) lib/action_controller/metal/renderers.rb:28:in `render_to_body'
  actionpack (3.2.14) lib/action_controller/metal/compatibility.rb:50:in `render_to_body'
  actionpack (3.2.14) lib/abstract_controller/rendering.rb:88:in `render'
  actionpack (3.2.14) lib/action_controller/metal/rendering.rb:16:in `render'
  actionpack (3.2.14) lib/action_controller/metal/instrumentation.rb:40:in `block (2 levels) in render'
  activesupport (3.2.14) lib/active_support/core_ext/benchmark.rb:5:in `block in ms'
  /Users/philgarber/.rvm/rubies/ruby-2.0.0-p247/lib/ruby/2.0.0/benchmark.rb:296:in `realtime'
  activesupport (3.2.14) lib/active_support/core_ext/benchmark.rb:5:in `ms'
  actionpack (3.2.14) lib/action_controller/metal/instrumentation.rb:40:in `block in render'
  actionpack (3.2.14) lib/action_controller/metal/instrumentation.rb:83:in `cleanup_view_runtime'
  actionpack (3.2.14) lib/action_controller/metal/instrumentation.rb:39:in `render'
  actionpack (3.2.14) lib/action_controller/metal/implicit_render.rb:10:in `default_render'
  actionpack (3.2.14) lib/action_controller/metal/responder.rb:232:in `default_render'
  actionpack (3.2.14) lib/action_controller/metal/responder.rb:160:in `to_html'
  actionpack (3.2.14) lib/action_controller/metal/responder.rb:153:in `respond'
  actionpack (3.2.14) lib/action_controller/metal/responder.rb:146:in `call'
  actionpack (3.2.14) lib/action_controller/metal/mime_responds.rb:239:in `respond_with'
  devise (3.0.3) app/controllers/devise/registrations_controller.rb:8:in `new'
  actionpack (3.2.14) lib/action_controller/metal/implicit_render.rb:4:in `send_action'
  actionpack (3.2.14) lib/abstract_controller/base.rb:167:in `process_action'
  actionpack (3.2.14) lib/action_controller/metal/rendering.rb:10:in `process_action'
  actionpack (3.2.14) lib/abstract_controller/callbacks.rb:18:in `block in process_action'
  activesupport (3.2.14) lib/active_support/callbacks.rb:436:in `_run__3807493439003323188__process_action__271190756004486203__callbacks'
  activesupport (3.2.14) lib/active_support/callbacks.rb:405:in `__run_callback'
  activesupport (3.2.14) lib/active_support/callbacks.rb:385:in `_run_process_action_callbacks'
  activesupport (3.2.14) lib/active_support/callbacks.rb:81:in `run_callbacks'
  actionpack (3.2.14) lib/abstract_controller/callbacks.rb:17:in `process_action'
  actionpack (3.2.14) lib/action_controller/metal/rescue.rb:29:in `process_action'
  actionpack (3.2.14) lib/action_controller/metal/instrumentation.rb:30:in `block in process_action'
  activesupport (3.2.14) lib/active_support/notifications.rb:123:in `block in instrument'
  activesupport (3.2.14) lib/active_support/notifications/instrumenter.rb:20:in `instrument'
  activesupport (3.2.14) lib/active_support/notifications.rb:123:in `instrument'
  actionpack (3.2.14) lib/action_controller/metal/instrumentation.rb:29:in `process_action'
  actionpack (3.2.14) lib/action_controller/metal/params_wrapper.rb:207:in `process_action'
  actionpack (3.2.14) lib/abstract_controller/base.rb:121:in `process'
  actionpack (3.2.14) lib/abstract_controller/rendering.rb:45:in `process'
  actionpack (3.2.14) lib/action_controller/metal.rb:203:in `dispatch'
  actionpack (3.2.14) lib/action_controller/metal/rack_delegation.rb:14:in `dispatch'
  actionpack (3.2.14) lib/action_controller/metal.rb:246:in `block in action'
  actionpack (3.2.14) lib/action_dispatch/routing/route_set.rb:73:in `dispatch'
  actionpack (3.2.14) lib/action_dispatch/routing/route_set.rb:36:in `call'
  actionpack (3.2.14) lib/action_dispatch/routing/mapper.rb:43:in `call'
  journey (1.0.4) lib/journey/router.rb:68:in `block in call'
  journey (1.0.4) lib/journey/router.rb:56:in `call'
  actionpack (3.2.14) lib/action_dispatch/routing/route_set.rb:608:in `call'
  mongoid (3.1.4) lib/rack/mongoid/middleware/identity_map.rb:34:in `block in call'
  mongoid (3.1.4) lib/mongoid/unit_of_work.rb:39:in `unit_of_work'
  mongoid (3.1.4) lib/rack/mongoid/middleware/identity_map.rb:34:in `call'
  warden (1.2.3) lib/warden/manager.rb:35:in `block in call'
  warden (1.2.3) lib/warden/manager.rb:34:in `call'
  actionpack (3.2.14) lib/action_dispatch/middleware/best_standards_support.rb:17:in `call'
  rack (1.4.5) lib/rack/etag.rb:23:in `call'
  rack (1.4.5) lib/rack/conditionalget.rb:25:in `call'
  actionpack (3.2.14) lib/action_dispatch/middleware/head.rb:14:in `call'
  actionpack (3.2.14) lib/action_dispatch/middleware/params_parser.rb:21:in `call'
  actionpack (3.2.14) lib/action_dispatch/middleware/flash.rb:242:in `call'
  rack (1.4.5) lib/rack/session/abstract/id.rb:210:in `context'
  rack (1.4.5) lib/rack/session/abstract/id.rb:205:in `call'
  actionpack (3.2.14) lib/action_dispatch/middleware/cookies.rb:341:in `call'
  actionpack (3.2.14) lib/action_dispatch/middleware/callbacks.rb:28:in `block in call'
  activesupport (3.2.14) lib/active_support/callbacks.rb:405:in `_run__1917492396513114225__call__4516401436633389567__callbacks'
  activesupport (3.2.14) lib/active_support/callbacks.rb:405:in `__run_callback'
  activesupport (3.2.14) lib/active_support/callbacks.rb:385:in `_run_call_callbacks'
  activesupport (3.2.14) lib/active_support/callbacks.rb:81:in `run_callbacks'
  actionpack (3.2.14) lib/action_dispatch/middleware/callbacks.rb:27:in `call'
  actionpack (3.2.14) lib/action_dispatch/middleware/reloader.rb:65:in `call'
  actionpack (3.2.14) lib/action_dispatch/middleware/remote_ip.rb:31:in `call'
  better_errors (0.9.0) lib/better_errors/middleware.rb:84:in `protected_app_call'
  better_errors (0.9.0) lib/better_errors/middleware.rb:79:in `better_errors_call'
  better_errors (0.9.0) lib/better_errors/middleware.rb:56:in `call'
  actionpack (3.2.14) lib/action_dispatch/middleware/debug_exceptions.rb:16:in `call'
  actionpack (3.2.14) lib/action_dispatch/middleware/show_exceptions.rb:56:in `call'
  railties (3.2.14) lib/rails/rack/logger.rb:32:in `call_app'
  railties (3.2.14) lib/rails/rack/logger.rb:16:in `block in call'
  activesupport (3.2.14) lib/active_support/tagged_logging.rb:22:in `tagged'
  railties (3.2.14) lib/rails/rack/logger.rb:16:in `call'
  quiet_assets (1.0.2) lib/quiet_assets.rb:18:in `call_with_quiet_assets'
  actionpack (3.2.14) lib/action_dispatch/middleware/request_id.rb:22:in `call'
  rack (1.4.5) lib/rack/methodoverride.rb:21:in `call'
  rack (1.4.5) lib/rack/runtime.rb:17:in `call'
  activesupport (3.2.14) lib/active_support/cache/strategy/local_cache.rb:72:in `call'
  rack (1.4.5) lib/rack/lock.rb:15:in `call'
  actionpack (3.2.14) lib/action_dispatch/middleware/static.rb:63:in `call'
  railties (3.2.14) lib/rails/engine.rb:484:in `call'
  railties (3.2.14) lib/rails/application.rb:231:in `call'
  rack (1.4.5) lib/rack/content_length.rb:14:in `call'
  railties (3.2.14) lib/rails/rack/log_tailer.rb:17:in `call'
  rack (1.4.5) lib/rack/handler/webrick.rb:59:in `service'
  /Users/philgarber/.rvm/rubies/ruby-2.0.0-p247/lib/ruby/2.0.0/webrick/httpserver.rb:138:in `service'
  /Users/philgarber/.rvm/rubies/ruby-2.0.0-p247/lib/ruby/2.0.0/webrick/httpserver.rb:94:in `run'
  /Users/philgarber/.rvm/rubies/ruby-2.0.0-p247/lib/ruby/2.0.0/webrick/server.rb:295:in `block in start_thread'



Started POST "/__better_errors/70328319674900/variables" for 127.0.0.1 at 2014-01-07 16:41:28 -0500


Started GET "/users/sign_up" for 127.0.0.1 at 2014-01-07 16:52:28 -0500
Processing by Devise::RegistrationsController#new as HTML
  Rendered devise/shared/_links.html.erb (1.9ms)
  Rendered devise/registrations/new.html.erb within layouts/application (47.6ms)
Compiled framework_and_overrides.css  (3077ms)  (pid 60985)
Compiled application.css  (3151ms)  (pid 60985)
Compiled bootstrap/affix.js  (0ms)  (pid 60985)
Compiled bootstrap/alert.js  (0ms)  (pid 60985)
Compiled bootstrap/button.js  (0ms)  (pid 60985)
Compiled bootstrap/carousel.js  (0ms)  (pid 60985)
Compiled bootstrap/collapse.js  (0ms)  (pid 60985)
Compiled bootstrap/dropdown.js  (0ms)  (pid 60985)
Compiled bootstrap/tab.js  (0ms)  (pid 60985)
Compiled bootstrap/transition.js  (0ms)  (pid 60985)
Compiled bootstrap/scrollspy.js  (0ms)  (pid 60985)
Compiled bootstrap/modal.js  (0ms)  (pid 60985)
Compiled bootstrap/tooltip.js  (0ms)  (pid 60985)
Compiled bootstrap/popover.js  (0ms)  (pid 60985)
Compiled bootstrap.js  (704ms)  (pid 60985)
Compiled application.js  (759ms)  (pid 60985)
  Rendered layouts/_navigation_links.html.erb (0.4ms)
  Rendered layouts/_navigation.html.erb (2.2ms)
  Rendered layouts/_messages.html.erb (0.5ms)
Completed 200 OK in 4040ms (Views: 4038.8ms)


Started GET "/" for 127.0.0.1 at 2014-01-07 16:55:54 -0500
Processing by HomeController#index as HTML
  MOPED: 127.0.0.1:27017 COMMAND      database=admin command={:ismaster=>1} (8.7907ms)
  MOPED: 127.0.0.1:27017 QUERY        database=rails3_mongoid_devise_development collection=users selector={} flags=[:slave_ok] limit=0 skip=0 batch_size=nil fields=nil (12.2659ms)
  Rendered home/index.html.erb within layouts/application (23.9ms)
  Rendered layouts/_navigation_links.html.erb (0.0ms)
  Rendered layouts/_navigation.html.erb (1.0ms)
  Rendered layouts/_messages.html.erb (0.1ms)
Completed 200 OK in 37ms (Views: 36.9ms)


Started GET "/users/52cb1bda946cf1f3ce000002" for 127.0.0.1 at 2014-01-07 16:55:56 -0500
Processing by UsersController#show as HTML
  Parameters: {"id"=>"52cb1bda946cf1f3ce000002"}
Completed 401 Unauthorized in 1ms


Started GET "/users/sign_in" for 127.0.0.1 at 2014-01-07 16:55:56 -0500
Processing by Devise::SessionsController#new as HTML
  Rendered devise/shared/_links.html.erb (0.6ms)
  Rendered /Users/philgarber/.rvm/gems/ruby-2.0.0-p247@rails3-mongoid-devise/gems/devise-3.0.3/app/views/devise/sessions/new.html.erb within layouts/application (4.6ms)
  Rendered layouts/_navigation_links.html.erb (0.0ms)
  Rendered layouts/_navigation.html.erb (0.7ms)
  Rendered layouts/_messages.html.erb (0.1ms)
Completed 200 OK in 18ms (Views: 16.5ms)


Started GET "/users/password/new" for 127.0.0.1 at 2014-01-07 16:57:49 -0500
Processing by Devise::PasswordsController#new as HTML
  Rendered devise/shared/_links.html.erb (0.5ms)
  Rendered /Users/philgarber/.rvm/gems/ruby-2.0.0-p247@rails3-mongoid-devise/gems/devise-3.0.3/app/views/devise/passwords/new.html.erb within layouts/application (3.8ms)
  Rendered layouts/_navigation_links.html.erb (0.0ms)
  Rendered layouts/_navigation.html.erb (0.8ms)
  Rendered layouts/_messages.html.erb (0.0ms)
Completed 200 OK in 20ms (Views: 19.2ms)


Started POST "/users/password" for 127.0.0.1 at 2014-01-07 16:57:59 -0500
Processing by Devise::PasswordsController#create as HTML
  Parameters: {"utf8"=>"✓", "authenticity_token"=>"gydZzPrIstI5OKMntHO71qn4XcD2edNtoL/c9KPN7Ys=", "user"=>{"email"=>"philip.m.garber@gmail.com"}, "commit"=>"Send me reset password instructions"}
  MOPED: 127.0.0.1:27017 COMMAND      database=admin command={:ismaster=>1} (0.7980ms)
  MOPED: 127.0.0.1:27017 QUERY        database=rails3_mongoid_devise_development collection=users selector={"$query"=>{"email"=>"philip.m.garber@gmail.com"}, "$orderby"=>{:_id=>1}} flags=[:slave_ok] limit=-1 skip=0 batch_size=nil fields=nil (10.4609ms)
  Rendered devise/shared/_links.html.erb (0.4ms)
  Rendered /Users/philgarber/.rvm/gems/ruby-2.0.0-p247@rails3-mongoid-devise/gems/devise-3.0.3/app/views/devise/passwords/new.html.erb within layouts/application (3.8ms)
  Rendered layouts/_navigation_links.html.erb (0.0ms)
  Rendered layouts/_navigation.html.erb (0.7ms)
  Rendered layouts/_messages.html.erb (0.0ms)
Completed 200 OK in 35ms (Views: 14.8ms)


Started GET "/" for 127.0.0.1 at 2014-01-08 07:55:27 -0500
Processing by HomeController#index as HTML
  MOPED: 127.0.0.1:27017 COMMAND      database=admin command={:ismaster=>1} (8.5142ms)
  MOPED: 127.0.0.1:27017 QUERY        database=rails3_mongoid_devise_development collection=users selector={} flags=[:slave_ok] limit=0 skip=0 batch_size=nil fields=nil (1.7920ms)
  Rendered home/index.html.erb within layouts/application (23.3ms)
  Rendered layouts/_navigation_links.html.erb (0.0ms)
  Rendered layouts/_navigation.html.erb (1.5ms)
  Rendered layouts/_messages.html.erb (0.1ms)
Completed 200 OK in 53ms (Views: 50.4ms)


Started GET "/" for 127.0.0.1 at 2014-01-08 07:55:50 -0500
Processing by HomeController#index as HTML
  MOPED: 127.0.0.1:27017 COMMAND      database=admin command={:ismaster=>1} (0.8700ms)
  MOPED: 127.0.0.1:27017 QUERY        database=rails3_mongoid_devise_development collection=users selector={} flags=[:slave_ok] limit=0 skip=0 batch_size=nil fields=nil (0.5708ms)
  Rendered home/index.html.erb within layouts/application (3.9ms)
  Rendered layouts/_navigation_links.html.erb (0.0ms)
  Rendered layouts/_navigation.html.erb (1.1ms)
  Rendered layouts/_messages.html.erb (0.1ms)
Completed 200 OK in 22ms (Views: 21.6ms)


Started GET "/" for 127.0.0.1 at 2014-01-08 07:55:53 -0500
Processing by HomeController#index as HTML
  MOPED: 127.0.0.1:27017 COMMAND      database=admin command={:ismaster=>1} (0.7150ms)
  MOPED: 127.0.0.1:27017 QUERY        database=rails3_mongoid_devise_development collection=users selector={} flags=[:slave_ok] limit=0 skip=0 batch_size=nil fields=nil (0.3889ms)
  Rendered home/index.html.erb within layouts/application (2.9ms)
  Rendered layouts/_navigation_links.html.erb (0.0ms)
  Rendered layouts/_navigation.html.erb (1.1ms)
  Rendered layouts/_messages.html.erb (0.1ms)
Completed 200 OK in 15ms (Views: 14.4ms)


Started GET "/users/52cb1bd9946cf1f3ce000001" for 127.0.0.1 at 2014-01-08 07:56:23 -0500
Processing by UsersController#show as HTML
  Parameters: {"id"=>"52cb1bd9946cf1f3ce000001"}
Completed 401 Unauthorized in 0ms


Started GET "/users/sign_in" for 127.0.0.1 at 2014-01-08 07:56:23 -0500
Processing by Devise::SessionsController#new as HTML
  Rendered devise/shared/_links.html.erb (0.5ms)
  Rendered /Users/philgarber/.rvm/gems/ruby-2.0.0-p247@rails3-mongoid-devise/gems/devise-3.0.3/app/views/devise/sessions/new.html.erb within layouts/application (92.9ms)
  Rendered layouts/_navigation_links.html.erb (0.0ms)
  Rendered layouts/_navigation.html.erb (0.9ms)
  Rendered layouts/_messages.html.erb (0.1ms)
Completed 200 OK in 107ms (Views: 105.7ms)


Started GET "/" for 127.0.0.1 at 2014-01-08 08:09:49 -0500
Processing by HomeController#index as HTML
  MOPED: 127.0.0.1:27017 COMMAND      database=admin command={:ismaster=>1} (0.8759ms)
  MOPED: 127.0.0.1:27017 QUERY        database=rails3_mongoid_devise_development collection=users selector={} flags=[:slave_ok] limit=0 skip=0 batch_size=nil fields=nil (0.3641ms)
  Rendered home/index.html.erb within layouts/application (3.1ms)
  Rendered layouts/_navigation_links.html.erb (0.0ms)
  Rendered layouts/_navigation.html.erb (0.9ms)
  Rendered layouts/_messages.html.erb (0.0ms)
Completed 200 OK in 14ms (Views: 14.2ms)
